POST /hspa/search 200 8.928 ms - 22
POST /hspa/search 200 10.622 ms - 22
POST /hspa/search 200 2.759 ms - 22
POST /eua/on_search 200 1.462 ms - 22
POST /eua/on_search 200 0.692 ms - 10
POST /eua/on_search 200 1.931 ms - 22
POST /hspa/search 200 5.104 ms - 22
POST /eua/hit_search 200 5745.110 ms - 75
POST /hspa/search 200 5.723 ms - 22
POST /hspa/search 200 7.250 ms - 22
POST /hspa/search 200 5.388 ms - 22
POST /hspa/search 200 6.836 ms - 22
POST /eua/on_search 200 0.822 ms - 22
POST /eua/on_search 200 2.031 ms - 10
POST /eua/on_search 200 1.788 ms - 22
POST /hspa/search 200 4.639 ms - 22
POST /eua/hit_search 200 5578.814 ms - 75
POST /hspa/search 200 1.291 ms - 22
POST /hspa/search 200 8.774 ms - 22
POST /hspa/search 200 8.154 ms - 22
POST /hspa/search 200 7.614 ms - 22
POST /hspa/search 200 5.526 ms - 22
POST /hspa/search 200 7.749 ms - 22
POST /hspa/search 200 4.266 ms - 22
POST /hspa/search 200 6.670 ms - 22
POST /hspa/service/init 200 5.591 ms - 22
POST /eua/on_init 200 1.963 ms - 18
POST /hspa/search 200 5.488 ms - 22
POST /hspa/search 200 6.687 ms - 22
POST /eua/hit_init 200 5277.790 ms - 323
POST /hspa/service/confirm 200 6.249 ms - 22
POST /eua/on_confirm 200 0.508 ms - 18
POST /hspa/search 200 2.834 ms - 22
POST /eua/hit_confirm 200 5192.707 ms - 266
POST /hspa/search 200 4.293 ms - 22
POST /hspa/search 200 9.272 ms - 22
POST /hspa/search 200 1.722 ms - 22
POST /hspa/search 200 6.460 ms - 22
POST /hspa/search 200 6.752 ms - 22
POST /hspa/search 200 3.572 ms - 22
POST /hspa/search 200 4.781 ms - 22